2021-03-31 19:42:34.447 INFO  org.glowroot - Glowroot version: 0.13.5, built 2019-07-23 01:30:08 +0000
2021-03-31 19:42:34.449 INFO  org.glowroot - Java version: 11.0.4 (AdoptOpenJDK / Windows 10)
2021-03-31 19:42:34.450 INFO  org.glowroot - Java args: -javaagent:C:\src\Projeto\glowroot.jar -javaagent:C:\Users\lucas\IntelliJ IDEA Community Edition 2020.2.3\lib\idea_rt.jar=64772:C:\Users\lucas\IntelliJ IDEA Community Edition 2020.2.3\bin
2021-03-31 19:42:34.452 ERROR org.glowroot - missing lib/glowroot-embedded-collector.jar
2021-03-31 19:42:34.453 ERROR org.glowroot - Glowroot failed to start: org.glowroot.agent.embedded.init.EmbeddedGlowrootAgentInitFactory
java.lang.ClassNotFoundException: org.glowroot.agent.embedded.init.EmbeddedGlowrootAgentInitFactory
	at java.base/jdk.internal.loader.BuiltinClassLoader.loadClass(BuiltinClassLoader.java:583)
	at java.base/jdk.internal.loader.ClassLoaders$AppClassLoader.loadClass(ClassLoaders.java:178)
	at java.base/java.lang.ClassLoader.loadClass(ClassLoader.java:521)
	at java.base/java.lang.Class.forName0(Native Method)
	at java.base/java.lang.Class.forName(Class.java:398)
	at org.glowroot.agent.MainEntryPoint.createGlowrootAgentInit(MainEntryPoint.java:305)
	at org.glowroot.agent.MainEntryPoint.start(MainEntryPoint.java:265)
	at org.glowroot.agent.MainEntryPoint.premain(MainEntryPoint.java:173)
	at java.base/jdk.internal.reflect.NativeMethodAccessorImpl.invoke0(Native Method)
	at java.base/jdk.internal.reflect.NativeMethodAccessorImpl.invoke(NativeMethodAccessorImpl.java:62)
	at java.base/jdk.internal.reflect.DelegatingMethodAccessorImpl.invoke(DelegatingMethodAccessorImpl.java:43)
	at java.base/java.lang.reflect.Method.invoke(Method.java:566)
	at org.glowroot.agent.AgentPremain.premain(AgentPremain.java:59)
	at java.base/jdk.internal.reflect.NativeMethodAccessorImpl.invoke0(Native Method)
	at java.base/jdk.internal.reflect.NativeMethodAccessorImpl.invoke(NativeMethodAccessorImpl.java:62)
	at java.base/jdk.internal.reflect.DelegatingMethodAccessorImpl.invoke(DelegatingMethodAccessorImpl.java:43)
	at java.base/java.lang.reflect.Method.invoke(Method.java:566)
	at java.instrument/sun.instrument.InstrumentationImpl.loadClassAndStartAgent(InstrumentationImpl.java:513)
	at java.instrument/sun.instrument.InstrumentationImpl.loadClassAndCallPremain(InstrumentationImpl.java:525)
